<?xml version="1.0" encoding="UTF-8"?>
<testsuite xmlns:xsi="http://www.w3.org/2001/XMLSchema-instance" xsi:noNamespaceSchemaLocation="https://maven.apache.org/surefire/maven-surefire-plugin/xsd/surefire-test-report-3.0.xsd" version="3.0" name="org.training.boot.secuity.securitydemogeneric.SecurityDemoGenericApplicationTests" time="6.365" tests="1" errors="0" skipped="0" failures="0">
  <properties>
[...]
</properties>
  <testcase name="contextLoads" classname="org.training.boot.secuity.securitydemogeneric.SecurityDemoGenericApplicationTests" time="0.674">
    <system-out><![CDATA[18:29:44.485 [main] INFO org.springframework.test.context.support.AnnotationConfigContextLoaderUtils -- Could not detect default configuration classes for test class [org.training.boot.secuity.securitydemogeneric.SecurityDemoGenericApplicationTests]: SecurityDemoGenericApplicationTests does not declare any static, non-private, non-final, nested classes annotated with @Configuration.
18:29:44.613 [main] INFO org.springframework.boot.test.context.SpringBootTestContextBootstrapper -- Found @SpringBootConfiguration org.training.boot.secuity.securitydemogeneric.SecurityDemoGenericApplication for test class org.training.boot.secuity.securitydemogeneric.SecurityDemoGenericApplicationTests
18:29:44.808 [main] INFO org.springframework.boot.devtools.restart.RestartApplicationListener -- Restart disabled due to context in which it is running

  .   ____          _            __ _ _
 /\\ / ___'_ __ _ _(_)_ __  __ _ \ \ \ \
( ( )\___ | '_ | '_| | '_ \/ _` | \ \ \ \
 \\/  ___)| |_)| | | | | || (_| |  ) ) ) )
  '  |____| .__|_| |_|_| |_\__, | / / / /
 =========|_|==============|___/=/_/_/_/
 :: Spring Boot ::                (v3.1.9)

2024-03-02T18:29:45.266+01:00  INFO 28481 --- [           main] .s.s.SecurityDemoGenericApplicationTests : Starting SecurityDemoGenericApplicationTests using Java 17.0.9 with PID 28481 (started by menzli.khemais in /Users/menzli.khemais/WIP/workspace/kmenzli/back-office/springframework/springboot/boot-security/spring-security-demo-basic)
2024-03-02T18:29:45.268+01:00  INFO 28481 --- [           main] .s.s.SecurityDemoGenericApplicationTests : No active profile set, falling back to 1 default profile: "default"
2024-03-02T18:29:46.536+01:00  INFO 28481 --- [           main] .s.d.r.c.RepositoryConfigurationDelegate : Bootstrapping Spring Data JPA repositories in DEFAULT mode.
2024-03-02T18:29:46.590+01:00  INFO 28481 --- [           main] .s.d.r.c.RepositoryConfigurationDelegate : Finished Spring Data repository scanning in 46 ms. Found 2 JPA repository interfaces.
2024-03-02T18:29:47.073+01:00  INFO 28481 --- [           main] o.hibernate.jpa.internal.util.LogHelper  : HHH000204: Processing PersistenceUnitInfo [name: default]
2024-03-02T18:29:47.120+01:00  INFO 28481 --- [           main] org.hibernate.Version                    : HHH000412: Hibernate ORM core version 6.2.22.Final
2024-03-02T18:29:47.122+01:00  INFO 28481 --- [           main] org.hibernate.cfg.Environment            : HHH000406: Using bytecode reflection optimizer
2024-03-02T18:29:47.404+01:00  INFO 28481 --- [           main] o.s.o.j.p.SpringPersistenceUnitInfo      : No LoadTimeWeaver setup: ignoring JPA class transformer
2024-03-02T18:29:47.427+01:00  INFO 28481 --- [           main] com.zaxxer.hikari.HikariDataSource       : HikariPool-1 - Starting...
2024-03-02T18:29:47.647+01:00  INFO 28481 --- [           main] com.zaxxer.hikari.pool.HikariPool        : HikariPool-1 - Added connection conn0: url=jdbc:h2:mem:test user=SA
2024-03-02T18:29:47.649+01:00  INFO 28481 --- [           main] com.zaxxer.hikari.HikariDataSource       : HikariPool-1 - Start completed.
2024-03-02T18:29:47.674+01:00  WARN 28481 --- [           main] org.hibernate.orm.deprecation            : HHH90000025: H2Dialect does not need to be specified explicitly using 'hibernate.dialect' (remove the property setting and it will be selected by default)
2024-03-02T18:29:48.503+01:00  INFO 28481 --- [           main] o.h.e.t.j.p.i.JtaPlatformInitiator       : HHH000489: No JTA platform available (set 'hibernate.transaction.jta.platform' to enable JTA platform integration)
Hibernate: create table roles (id integer generated by default as identity, name varchar(255), primary key (id))
Hibernate: create table users (id integer generated by default as identity, email varchar(255) not null, name varchar(255), password varchar(255) not null, username varchar(255) not null, primary key (id))
Hibernate: create table users_roles (user_id integer not null, roles_id integer not null, primary key (user_id, roles_id))
Hibernate: alter table if exists users drop constraint if exists UK_6dotkott2kjsp8vw4d0m25fb7
Hibernate: alter table if exists users add constraint UK_6dotkott2kjsp8vw4d0m25fb7 unique (email)
Hibernate: alter table if exists users drop constraint if exists UK_r43af9ap4edm43mmtq01oddj6
Hibernate: alter table if exists users add constraint UK_r43af9ap4edm43mmtq01oddj6 unique (username)
Hibernate: alter table if exists users_roles add constraint FKa62j07k5mhgifpp955h37ponj foreign key (roles_id) references roles
Hibernate: alter table if exists users_roles add constraint FK2o0jvgh89lemvvo17cbqvdxaa foreign key (user_id) references users
2024-03-02T18:29:48.573+01:00  INFO 28481 --- [           main] j.LocalContainerEntityManagerFactoryBean : Initialized JPA EntityManagerFactory for persistence unit 'default'
2024-03-02T18:29:49.017+01:00  WARN 28481 --- [           main] JpaBaseConfiguration$JpaWebConfiguration : spring.jpa.open-in-view is enabled by default. Therefore, database queries may be performed during view rendering. Explicitly configure spring.jpa.open-in-view to disable this warning
2024-03-02T18:29:49.376+01:00  INFO 28481 --- [           main] o.s.b.a.e.web.EndpointLinksResolver      : Exposing 1 endpoint(s) beneath base path '/actuator'
2024-03-02T18:29:49.460+01:00  INFO 28481 --- [           main] o.s.s.web.DefaultSecurityFilterChain     : Will secure any request with [org.springframework.security.web.session.DisableEncodeUrlFilter@62eb918, org.springframework.security.web.context.request.async.WebAsyncManagerIntegrationFilter@21a462ce, org.springframework.security.web.context.SecurityContextHolderFilter@fe337, org.springframework.security.web.header.HeaderWriterFilter@41ae9f11, org.springframework.security.web.authentication.logout.LogoutFilter@18711946, org.springframework.security.web.savedrequest.RequestCacheAwareFilter@50b78155, org.springframework.security.web.servletapi.SecurityContextHolderAwareRequestFilter@5d3d5242, org.springframework.security.web.authentication.AnonymousAuthenticationFilter@37e28b20, org.springframework.security.web.access.ExceptionTranslationFilter@1a3e8b68, org.springframework.security.web.access.intercept.AuthorizationFilter@755a4ef5]
2024-03-02T18:29:49.727+01:00  INFO 28481 --- [           main] o.s.b.a.h2.H2ConsoleAutoConfiguration    : H2 console available at '/h2-console'. Database available at 'jdbc:h2:mem:test'
2024-03-02T18:29:49.862+01:00  INFO 28481 --- [           main] .s.s.SecurityDemoGenericApplicationTests : Started SecurityDemoGenericApplicationTests in 5.071 seconds (process running for 6.275)
Hibernate: insert into roles (name,id) values (?,default)
]]></system-out>
  </testcase>
</testsuite>